This file contains any messages produced by compilers while
running configure, to aid debugging if configure makes a mistake.

It was created by gst-rosaudiosink configure 1.0.0, which was
generated by GNU Autoconf 2.69.  Invocation command line was

  $ ./configure 

## --------- ##
## Platform. ##
## --------- ##

hostname = Takoroa
uname -m = x86_64
uname -r = 5.3.0-46-generic
uname -s = Linux
uname -v = #38~18.04.1-Ubuntu SMP Tue Mar 31 04:17:56 UTC 2020

/usr/bin/uname -p = unknown
/bin/uname -X     = unknown

/bin/arch              = unknown
/usr/bin/arch -k       = unknown
/usr/convex/getsysinfo = unknown
/usr/bin/hostinfo      = unknown
/bin/machine           = unknown
/usr/bin/oslevel       = unknown
/bin/universe          = unknown

PATH: /opt/ros/melodic/bin
PATH: /home/brettrd/.cargo/bin
PATH: /home/brettrd/.local/bin
PATH: /usr/local/sbin
PATH: /usr/local/bin
PATH: /usr/sbin
PATH: /usr/bin
PATH: /sbin
PATH: /bin
PATH: /usr/games
PATH: /usr/local/games
PATH: /snap/bin


## ----------- ##
## Core tests. ##
## ----------- ##

configure:2212: checking for a BSD-compatible install
configure:2280: result: /usr/bin/install -c
configure:2291: checking whether build environment is sane
configure:2346: result: yes
configure:2497: checking for a thread-safe mkdir -p
configure:2536: result: /bin/mkdir -p
configure:2543: checking for gawk
configure:2559: found /usr/bin/gawk
configure:2570: result: gawk
configure:2581: checking whether make sets $(MAKE)
configure:2603: result: yes
configure:2632: checking whether make supports nested variables
configure:2649: result: yes
configure:2778: checking whether to enable maintainer-specific portions of Makefiles
configure:2787: result: yes
configure:2849: checking for gcc
configure:2865: found /usr/bin/gcc
configure:2876: result: gcc
configure:3105: checking for C compiler version
configure:3114: gcc --version >&5
gcc (Ubuntu 7.5.0-3ubuntu1~18.04) 7.5.0
Copyright (C) 2017 Free Software Foundation, Inc.
This is free software; see the source for copying conditions.  There is NO
warranty; not even for MERCHANTABILITY or FITNESS FOR A PARTICULAR PURPOSE.

configure:3125: $? = 0
configure:3114: gcc -v >&5
Using built-in specs.
COLLECT_GCC=gcc
COLLECT_LTO_WRAPPER=/usr/lib/gcc/x86_64-linux-gnu/7/lto-wrapper
OFFLOAD_TARGET_NAMES=nvptx-none
OFFLOAD_TARGET_DEFAULT=1
Target: x86_64-linux-gnu
Configured with: ../src/configure -v --with-pkgversion='Ubuntu 7.5.0-3ubuntu1~18.04' --with-bugurl=file:///usr/share/doc/gcc-7/README.Bugs --enable-languages=c,ada,c++,go,brig,d,fortran,objc,obj-c++ --prefix=/usr --with-gcc-major-version-only --program-suffix=-7 --program-prefix=x86_64-linux-gnu- --enable-shared --enable-linker-build-id --libexecdir=/usr/lib --without-included-gettext --enable-threads=posix --libdir=/usr/lib --enable-nls --enable-bootstrap --enable-clocale=gnu --enable-libstdcxx-debug --enable-libstdcxx-time=yes --with-default-libstdcxx-abi=new --enable-gnu-unique-object --disable-vtable-verify --enable-libmpx --enable-plugin --enable-default-pie --with-system-zlib --with-target-system-zlib --enable-objc-gc=auto --enable-multiarch --disable-werror --with-arch-32=i686 --with-abi=m64 --with-multilib-list=m32,m64,mx32 --enable-multilib --with-tune=generic --enable-offload-targets=nvptx-none --without-cuda-driver --enable-checking=release --build=x86_64-linux-gnu --host=x86_64-linux-gnu --target=x86_64-linux-gnu
Thread model: posix
gcc version 7.5.0 (Ubuntu 7.5.0-3ubuntu1~18.04) 
configure:3125: $? = 0
configure:3114: gcc -V >&5
gcc: error: unrecognized command line option '-V'
gcc: fatal error: no input files
compilation terminated.
configure:3125: $? = 1
configure:3114: gcc -qversion >&5
gcc: error: unrecognized command line option '-qversion'; did you mean '--version'?
gcc: fatal error: no input files
compilation terminated.
configure:3125: $? = 1
configure:3145: checking whether the C compiler works
configure:3167: gcc    conftest.c  >&5
configure:3171: $? = 0
configure:3219: result: yes
configure:3222: checking for C compiler default output file name
configure:3224: result: a.out
configure:3230: checking for suffix of executables
configure:3237: gcc -o conftest    conftest.c  >&5
configure:3241: $? = 0
configure:3263: result: 
configure:3285: checking whether we are cross compiling
configure:3293: gcc -o conftest    conftest.c  >&5
configure:3297: $? = 0
configure:3304: ./conftest
configure:3308: $? = 0
configure:3323: result: no
configure:3328: checking for suffix of object files
configure:3350: gcc -c   conftest.c >&5
configure:3354: $? = 0
configure:3375: result: o
configure:3379: checking whether we are using the GNU C compiler
configure:3398: gcc -c   conftest.c >&5
configure:3398: $? = 0
configure:3407: result: yes
configure:3416: checking whether gcc accepts -g
configure:3436: gcc -c -g  conftest.c >&5
configure:3436: $? = 0
configure:3477: result: yes
configure:3494: checking for gcc option to accept ISO C89
configure:3557: gcc  -c -g -O2  conftest.c >&5
configure:3557: $? = 0
configure:3570: result: none needed
configure:3595: checking whether gcc understands -c and -o together
configure:3617: gcc -c conftest.c -o conftest2.o
configure:3620: $? = 0
configure:3617: gcc -c conftest.c -o conftest2.o
configure:3620: $? = 0
configure:3632: result: yes
configure:3660: checking for style of include used by make
configure:3688: result: GNU
configure:3714: checking dependency style of gcc
configure:3825: result: gcc3
configure:3872: checking build system type
configure:3886: result: x86_64-pc-linux-gnu
configure:3906: checking host system type
configure:3919: result: x86_64-pc-linux-gnu
configure:3960: checking how to print strings
configure:3987: result: printf
configure:4008: checking for a sed that does not truncate output
configure:4072: result: /bin/sed
configure:4090: checking for grep that handles long lines and -e
configure:4148: result: /bin/grep
configure:4153: checking for egrep
configure:4215: result: /bin/grep -E
configure:4220: checking for fgrep
configure:4282: result: /bin/grep -F
configure:4317: checking for ld used by gcc
configure:4384: result: /usr/bin/ld
configure:4391: checking if the linker (/usr/bin/ld) is GNU ld
configure:4406: result: yes
configure:4418: checking for BSD- or MS-compatible name lister (nm)
configure:4472: result: /usr/bin/nm -B
configure:4602: checking the name lister (/usr/bin/nm -B) interface
configure:4609: gcc -c -g -O2  conftest.c >&5
configure:4612: /usr/bin/nm -B "conftest.o"
configure:4615: output
0000000000000000 B some_variable
configure:4622: result: BSD nm
configure:4625: checking whether ln -s works
configure:4629: result: yes
configure:4637: checking the maximum length of command line arguments
configure:4768: result: 1572864
configure:4816: checking how to convert x86_64-pc-linux-gnu file names to x86_64-pc-linux-gnu format
configure:4856: result: func_convert_file_noop
configure:4863: checking how to convert x86_64-pc-linux-gnu file names to toolchain format
configure:4883: result: func_convert_file_noop
configure:4890: checking for /usr/bin/ld option to reload object files
configure:4897: result: -r
configure:4971: checking for objdump
configure:4987: found /usr/bin/objdump
configure:4998: result: objdump
configure:5030: checking how to recognize dependent libraries
configure:5230: result: pass_all
configure:5315: checking for dlltool
configure:5345: result: no
configure:5375: checking how to associate runtime and link libraries
configure:5402: result: printf %s\n
configure:5463: checking for ar
configure:5479: found /usr/bin/ar
configure:5490: result: ar
configure:5527: checking for archiver @FILE support
configure:5544: gcc -c -g -O2  conftest.c >&5
configure:5544: $? = 0
configure:5547: ar cru libconftest.a @conftest.lst >&5
ar: `u' modifier ignored since `D' is the default (see `U')
configure:5550: $? = 0
configure:5555: ar cru libconftest.a @conftest.lst >&5
ar: `u' modifier ignored since `D' is the default (see `U')
ar: conftest.o: No such file or directory
configure:5558: $? = 1
configure:5570: result: @
configure:5628: checking for strip
configure:5644: found /usr/bin/strip
configure:5655: result: strip
configure:5727: checking for ranlib
configure:5743: found /usr/bin/ranlib
configure:5754: result: ranlib
configure:5856: checking command to parse /usr/bin/nm -B output from gcc object
configure:6009: gcc -c -g -O2  conftest.c >&5
configure:6012: $? = 0
configure:6016: /usr/bin/nm -B conftest.o \| sed -n -e 's/^.*[ ]\([ABCDGIRSTW][ABCDGIRSTW]*\)[ ][ ]*\([_A-Za-z][_A-Za-z0-9]*\)$/\1 \2 \2/p' | sed '/ __gnu_lto/d' \> conftest.nm
configure:6019: $? = 0
configure:6085: gcc -o conftest -g -O2   conftest.c conftstm.o >&5
configure:6088: $? = 0
configure:6126: result: ok
configure:6173: checking for sysroot
configure:6203: result: no
configure:6210: checking for a working dd
configure:6248: result: /bin/dd
configure:6252: checking how to truncate binary pipes
configure:6267: result: /bin/dd bs=4096 count=1
configure:6403: gcc -c -g -O2  conftest.c >&5
configure:6406: $? = 0
configure:6596: checking for mt
configure:6612: found /bin/mt
configure:6623: result: mt
configure:6646: checking if mt is a manifest tool
configure:6652: mt '-?'
configure:6660: result: no
configure:7337: checking how to run the C preprocessor
configure:7368: gcc -E  conftest.c
configure:7368: $? = 0
configure:7382: gcc -E  conftest.c
conftest.c:11:10: fatal error: ac_nonexistent.h: No such file or directory
 #include <ac_nonexistent.h>
          ^~~~~~~~~~~~~~~~~~
compilation terminated.
configure:7382: $? = 1
configure: failed program was:
| /* confdefs.h */
| #define PACKAGE_NAME "gst-rosaudiosink"
| #define PACKAGE_TARNAME "gst-rosaudiosink"
| #define PACKAGE_VERSION "1.0.0"
| #define PACKAGE_STRING "gst-rosaudiosink 1.0.0"
| #define PACKAGE_BUGREPORT ""
| #define PACKAGE_URL ""
| #define PACKAGE "gst-rosaudiosink"
| #define VERSION "1.0.0"
| /* end confdefs.h.  */
| #include <ac_nonexistent.h>
configure:7407: result: gcc -E
configure:7427: gcc -E  conftest.c
configure:7427: $? = 0
configure:7441: gcc -E  conftest.c
conftest.c:11:10: fatal error: ac_nonexistent.h: No such file or directory
 #include <ac_nonexistent.h>
          ^~~~~~~~~~~~~~~~~~
compilation terminated.
configure:7441: $? = 1
configure: failed program was:
| /* confdefs.h */
| #define PACKAGE_NAME "gst-rosaudiosink"
| #define PACKAGE_TARNAME "gst-rosaudiosink"
| #define PACKAGE_VERSION "1.0.0"
| #define PACKAGE_STRING "gst-rosaudiosink 1.0.0"
| #define PACKAGE_BUGREPORT ""
| #define PACKAGE_URL ""
| #define PACKAGE "gst-rosaudiosink"
| #define VERSION "1.0.0"
| /* end confdefs.h.  */
| #include <ac_nonexistent.h>
configure:7470: checking for ANSI C header files
configure:7490: gcc -c -g -O2  conftest.c >&5
configure:7490: $? = 0
configure:7563: gcc -o conftest -g -O2   conftest.c  >&5
configure:7563: $? = 0
configure:7563: ./conftest
configure:7563: $? = 0
configure:7574: result: yes
configure:7587: checking for sys/types.h
configure:7587: gcc -c -g -O2  conftest.c >&5
configure:7587: $? = 0
configure:7587: result: yes
configure:7587: checking for sys/stat.h
configure:7587: gcc -c -g -O2  conftest.c >&5
configure:7587: $? = 0
configure:7587: result: yes
configure:7587: checking for stdlib.h
configure:7587: gcc -c -g -O2  conftest.c >&5
configure:7587: $? = 0
configure:7587: result: yes
configure:7587: checking for string.h
configure:7587: gcc -c -g -O2  conftest.c >&5
configure:7587: $? = 0
configure:7587: result: yes
configure:7587: checking for memory.h
configure:7587: gcc -c -g -O2  conftest.c >&5
configure:7587: $? = 0
configure:7587: result: yes
configure:7587: checking for strings.h
configure:7587: gcc -c -g -O2  conftest.c >&5
configure:7587: $? = 0
configure:7587: result: yes
configure:7587: checking for inttypes.h
configure:7587: gcc -c -g -O2  conftest.c >&5
configure:7587: $? = 0
configure:7587: result: yes
configure:7587: checking for stdint.h
configure:7587: gcc -c -g -O2  conftest.c >&5
configure:7587: $? = 0
configure:7587: result: yes
configure:7587: checking for unistd.h
configure:7587: gcc -c -g -O2  conftest.c >&5
configure:7587: $? = 0
configure:7587: result: yes
configure:7601: checking for dlfcn.h
configure:7601: gcc -c -g -O2  conftest.c >&5
configure:7601: $? = 0
configure:7601: result: yes
configure:7857: checking for objdir
configure:7872: result: .libs
configure:8136: checking if gcc supports -fno-rtti -fno-exceptions
configure:8154: gcc -c -g -O2  -fno-rtti -fno-exceptions conftest.c >&5
cc1: warning: command line option '-fno-rtti' is valid for C++/ObjC++ but not for C
configure:8158: $? = 0
configure:8171: result: no
configure:8529: checking for gcc option to produce PIC
configure:8536: result: -fPIC -DPIC
configure:8544: checking if gcc PIC flag -fPIC -DPIC works
configure:8562: gcc -c -g -O2  -fPIC -DPIC -DPIC conftest.c >&5
configure:8566: $? = 0
configure:8579: result: yes
configure:8608: checking if gcc static flag -static works
configure:8636: result: yes
configure:8651: checking if gcc supports -c -o file.o
configure:8672: gcc -c -g -O2  -o out/conftest2.o conftest.c >&5
configure:8676: $? = 0
configure:8698: result: yes
configure:8706: checking if gcc supports -c -o file.o
configure:8753: result: yes
configure:8786: checking whether the gcc linker (/usr/bin/ld -m elf_x86_64) supports shared libraries
configure:10049: result: yes
configure:10086: checking whether -lc should be explicitly linked in
configure:10094: gcc -c -g -O2  conftest.c >&5
configure:10097: $? = 0
configure:10112: gcc -shared  -fPIC -DPIC conftest.o  -v -Wl,-soname -Wl,conftest -o conftest 2\>\&1 \| /bin/grep  -lc  \>/dev/null 2\>\&1
configure:10115: $? = 0
configure:10129: result: no
configure:10289: checking dynamic linker characteristics
configure:10870: gcc -o conftest -g -O2   -Wl,-rpath -Wl,/foo conftest.c  >&5
configure:10870: $? = 0
configure:11119: result: GNU/Linux ld.so
configure:11241: checking how to hardcode library paths into programs
configure:11266: result: immediate
configure:11814: checking whether stripping libraries is possible
configure:11819: result: yes
configure:11854: checking if libtool supports shared libraries
configure:11856: result: yes
configure:11859: checking whether to build shared libraries
configure:11884: result: yes
configure:11887: checking whether to build static libraries
configure:11891: result: yes
configure:11931: checking for pkg-config
configure:11947: found /usr/bin/pkg-config
configure:11961: result:  
configure:12024: checking for pkg-config
configure:12042: found /usr/bin/pkg-config
configure:12054: result: /usr/bin/pkg-config
configure:12079: checking pkg-config is at least version 0.9.0
configure:12082: result: yes
configure:12092: checking for GST
configure:12104: $PKG_CONFIG --exists --print-errors "
  gstreamer-1.0 >= $GST_REQUIRED
  gstreamer-base-1.0 >= $GST_REQUIRED
  gstreamer-controller-1.0 >= $GST_REQUIRED
  gstreamer-audio-1.0 >= $GST_REQUIRED
"
configure:12112: $? = 0
configure:12136: $PKG_CONFIG --exists --print-errors "
  gstreamer-1.0 >= $GST_REQUIRED
  gstreamer-base-1.0 >= $GST_REQUIRED
  gstreamer-controller-1.0 >= $GST_REQUIRED
  gstreamer-audio-1.0 >= $GST_REQUIRED
"
configure:12144: $? = 0
configure:12213: result: yes
configure:12221: checking to see if compiler understands -Wall
configure:12236: gcc -c -g -O2 -Wall  conftest.c >&5
configure:12236: $? = 0
configure:12239: result: yes
configure:12371: checking that generated files are newer than configure
configure:12377: result: done
configure:12404: creating ./config.status

## ---------------------- ##
## Running config.status. ##
## ---------------------- ##

This file was extended by gst-rosaudiosink config.status 1.0.0, which was
generated by GNU Autoconf 2.69.  Invocation command line was

  CONFIG_FILES    = 
  CONFIG_HEADERS  = 
  CONFIG_LINKS    = 
  CONFIG_COMMANDS = 
  $ ./config.status 

on Takoroa

config.status:1098: creating Makefile
config.status:1098: creating plugins/Makefile
config.status:1098: creating tools/Makefile
config.status:1098: creating config.h
config.status:1279: config.h is unchanged
config.status:1327: executing depfiles commands
config.status:1327: executing libtool commands

## ---------------- ##
## Cache variables. ##
## ---------------- ##

ac_cv_build=x86_64-pc-linux-gnu
ac_cv_c_compiler_gnu=yes
ac_cv_env_CC_set=
ac_cv_env_CC_value=
ac_cv_env_CFLAGS_set=
ac_cv_env_CFLAGS_value=
ac_cv_env_CPPFLAGS_set=
ac_cv_env_CPPFLAGS_value=
ac_cv_env_CPP_set=
ac_cv_env_CPP_value=
ac_cv_env_GST_CFLAGS_set=
ac_cv_env_GST_CFLAGS_value=
ac_cv_env_GST_LIBS_set=
ac_cv_env_GST_LIBS_value=
ac_cv_env_LDFLAGS_set=
ac_cv_env_LDFLAGS_value=
ac_cv_env_LIBS_set=
ac_cv_env_LIBS_value=
ac_cv_env_LT_SYS_LIBRARY_PATH_set=
ac_cv_env_LT_SYS_LIBRARY_PATH_value=
ac_cv_env_PKG_CONFIG_LIBDIR_set=
ac_cv_env_PKG_CONFIG_LIBDIR_value=
ac_cv_env_PKG_CONFIG_PATH_set=set
ac_cv_env_PKG_CONFIG_PATH_value=/opt/ros/melodic/lib/pkgconfig
ac_cv_env_PKG_CONFIG_set=
ac_cv_env_PKG_CONFIG_value=
ac_cv_env_build_alias_set=
ac_cv_env_build_alias_value=
ac_cv_env_host_alias_set=
ac_cv_env_host_alias_value=
ac_cv_env_target_alias_set=
ac_cv_env_target_alias_value=
ac_cv_header_dlfcn_h=yes
ac_cv_header_inttypes_h=yes
ac_cv_header_memory_h=yes
ac_cv_header_stdc=yes
ac_cv_header_stdint_h=yes
ac_cv_header_stdlib_h=yes
ac_cv_header_string_h=yes
ac_cv_header_strings_h=yes
ac_cv_header_sys_stat_h=yes
ac_cv_header_sys_types_h=yes
ac_cv_header_unistd_h=yes
ac_cv_host=x86_64-pc-linux-gnu
ac_cv_objext=o
ac_cv_path_EGREP='/bin/grep -E'
ac_cv_path_FGREP='/bin/grep -F'
ac_cv_path_GREP=/bin/grep
ac_cv_path_SED=/bin/sed
ac_cv_path_ac_pt_PKG_CONFIG=/usr/bin/pkg-config
ac_cv_path_install='/usr/bin/install -c'
ac_cv_path_lt_DD=/bin/dd
ac_cv_path_mkdir=/bin/mkdir
ac_cv_prog_AWK=gawk
ac_cv_prog_CPP='gcc -E'
ac_cv_prog_HAVE_PKGCONFIG=' '
ac_cv_prog_ac_ct_AR=ar
ac_cv_prog_ac_ct_CC=gcc
ac_cv_prog_ac_ct_MANIFEST_TOOL=mt
ac_cv_prog_ac_ct_OBJDUMP=objdump
ac_cv_prog_ac_ct_RANLIB=ranlib
ac_cv_prog_ac_ct_STRIP=strip
ac_cv_prog_cc_c89=
ac_cv_prog_cc_g=yes
ac_cv_prog_make_make_set=yes
am_cv_CC_dependencies_compiler_type=gcc3
am_cv_make_support_nested_variables=yes
am_cv_prog_cc_c_o=yes
lt_cv_ar_at_file=@
lt_cv_archive_cmds_need_lc=no
lt_cv_deplibs_check_method=pass_all
lt_cv_file_magic_cmd='$MAGIC_CMD'
lt_cv_file_magic_test_file=
lt_cv_ld_reload_flag=-r
lt_cv_nm_interface='BSD nm'
lt_cv_objdir=.libs
lt_cv_path_LD=/usr/bin/ld
lt_cv_path_NM='/usr/bin/nm -B'
lt_cv_path_mainfest_tool=no
lt_cv_prog_compiler_c_o=yes
lt_cv_prog_compiler_pic='-fPIC -DPIC'
lt_cv_prog_compiler_pic_works=yes
lt_cv_prog_compiler_rtti_exceptions=no
lt_cv_prog_compiler_static_works=yes
lt_cv_prog_gnu_ld=yes
lt_cv_sharedlib_from_linklib_cmd='printf %s\n'
lt_cv_shlibpath_overrides_runpath=yes
lt_cv_sys_global_symbol_pipe='sed -n -e '\''s/^.*[	 ]\([ABCDGIRSTW][ABCDGIRSTW]*\)[	 ][	 ]*\([_A-Za-z][_A-Za-z0-9]*\)$/\1 \2 \2/p'\'' | sed '\''/ __gnu_lto/d'\'''
lt_cv_sys_global_symbol_to_c_name_address='sed -n -e '\''s/^: \(.*\) .*$/  {"\1", (void *) 0},/p'\'' -e '\''s/^[ABCDGIRSTW][ABCDGIRSTW]* .* \(.*\)$/  {"\1", (void *) \&\1},/p'\'''
lt_cv_sys_global_symbol_to_c_name_address_lib_prefix='sed -n -e '\''s/^: \(.*\) .*$/  {"\1", (void *) 0},/p'\'' -e '\''s/^[ABCDGIRSTW][ABCDGIRSTW]* .* \(lib.*\)$/  {"\1", (void *) \&\1},/p'\'' -e '\''s/^[ABCDGIRSTW][ABCDGIRSTW]* .* \(.*\)$/  {"lib\1", (void *) \&\1},/p'\'''
lt_cv_sys_global_symbol_to_cdecl='sed -n -e '\''s/^T .* \(.*\)$/extern int \1();/p'\'' -e '\''s/^[ABCDGIRSTW][ABCDGIRSTW]* .* \(.*\)$/extern char \1;/p'\'''
lt_cv_sys_global_symbol_to_import=
lt_cv_sys_max_cmd_len=1572864
lt_cv_to_host_file_cmd=func_convert_file_noop
lt_cv_to_tool_file_cmd=func_convert_file_noop
lt_cv_truncate_bin='/bin/dd bs=4096 count=1'
pkg_cv_GST_CFLAGS='-pthread -I/usr/include/gstreamer-1.0 -I/usr/include/orc-0.4 -I/usr/include/gstreamer-1.0 -I/usr/include/glib-2.0 -I/usr/lib/x86_64-linux-gnu/glib-2.0/include'
pkg_cv_GST_LIBS='-lgstcontroller-1.0 -lgstaudio-1.0 -lgstbase-1.0 -lgstreamer-1.0 -lgobject-2.0 -lglib-2.0'

## ----------------- ##
## Output variables. ##
## ----------------- ##

ACLOCAL='${SHELL} /home/brettrd/catkin/src/gst_bridge/gst-rosaudiosink/missing aclocal-1.15'
AMDEPBACKSLASH='\'
AMDEP_FALSE='#'
AMDEP_TRUE=''
AMTAR='$${TAR-tar}'
AM_BACKSLASH='\'
AM_DEFAULT_V='$(AM_DEFAULT_VERBOSITY)'
AM_DEFAULT_VERBOSITY='1'
AM_V='$(V)'
AR='ar'
AUTOCONF='${SHELL} /home/brettrd/catkin/src/gst_bridge/gst-rosaudiosink/missing autoconf'
AUTOHEADER='${SHELL} /home/brettrd/catkin/src/gst_bridge/gst-rosaudiosink/missing autoheader'
AUTOMAKE='${SHELL} /home/brettrd/catkin/src/gst_bridge/gst-rosaudiosink/missing automake-1.15'
AWK='gawk'
CC='gcc'
CCDEPMODE='depmode=gcc3'
CFLAGS='-g -O2 -Wall'
CPP='gcc -E'
CPPFLAGS=''
CYGPATH_W='echo'
DEFS='-DHAVE_CONFIG_H'
DEPDIR='.deps'
DLLTOOL='false'
DSYMUTIL=''
DUMPBIN=''
ECHO_C=''
ECHO_N='-n'
ECHO_T=''
EGREP='/bin/grep -E'
EXEEXT=''
FGREP='/bin/grep -F'
GREP='/bin/grep'
GST_CFLAGS='-pthread -I/usr/include/gstreamer-1.0 -I/usr/include/orc-0.4 -I/usr/include/gstreamer-1.0 -I/usr/include/glib-2.0 -I/usr/lib/x86_64-linux-gnu/glib-2.0/include -Wall'
GST_LIBS='-lgstcontroller-1.0 -lgstaudio-1.0 -lgstbase-1.0 -lgstreamer-1.0 -lgobject-2.0 -lglib-2.0'
GST_PLUGIN_LDFLAGS='-module -avoid-version -export-symbols-regex _*\(gst_\|Gst\|GST_\).*'
HAVE_PKGCONFIG=' '
INSTALL_DATA='${INSTALL} -m 644'
INSTALL_PROGRAM='${INSTALL}'
INSTALL_SCRIPT='${INSTALL}'
INSTALL_STRIP_PROGRAM='$(install_sh) -c -s'
LD='/usr/bin/ld -m elf_x86_64'
LDFLAGS=''
LIBOBJS=''
LIBS=''
LIBTOOL='$(SHELL) $(top_builddir)/libtool'
LIPO=''
LN_S='ln -s'
LTLIBOBJS=''
LT_SYS_LIBRARY_PATH=''
MAINT=''
MAINTAINER_MODE_FALSE='#'
MAINTAINER_MODE_TRUE=''
MAKEINFO='${SHELL} /home/brettrd/catkin/src/gst_bridge/gst-rosaudiosink/missing makeinfo'
MANIFEST_TOOL=':'
MKDIR_P='/bin/mkdir -p'
NM='/usr/bin/nm -B'
NMEDIT=''
OBJDUMP='objdump'
OBJEXT='o'
OTOOL64=''
OTOOL=''
PACKAGE='gst-rosaudiosink'
PACKAGE_BUGREPORT=''
PACKAGE_NAME='gst-rosaudiosink'
PACKAGE_STRING='gst-rosaudiosink 1.0.0'
PACKAGE_TARNAME='gst-rosaudiosink'
PACKAGE_URL=''
PACKAGE_VERSION='1.0.0'
PATH_SEPARATOR=':'
PKG_CONFIG='/usr/bin/pkg-config'
PKG_CONFIG_LIBDIR=''
PKG_CONFIG_PATH='/opt/ros/melodic/lib/pkgconfig'
RANLIB='ranlib'
SED='/bin/sed'
SET_MAKE=''
SHELL='/bin/bash'
STRIP='strip'
VERSION='1.0.0'
ac_ct_AR='ar'
ac_ct_CC='gcc'
ac_ct_DUMPBIN=''
am__EXEEXT_FALSE=''
am__EXEEXT_TRUE='#'
am__fastdepCC_FALSE='#'
am__fastdepCC_TRUE=''
am__include='include'
am__isrc=''
am__leading_dot='.'
am__nodep='_no'
am__quote=''
am__tar='$${TAR-tar} chof - "$$tardir"'
am__untar='$${TAR-tar} xf -'
bindir='${exec_prefix}/bin'
build='x86_64-pc-linux-gnu'
build_alias=''
build_cpu='x86_64'
build_os='linux-gnu'
build_vendor='pc'
datadir='${datarootdir}'
datarootdir='${prefix}/share'
docdir='${datarootdir}/doc/${PACKAGE_TARNAME}'
dvidir='${docdir}'
exec_prefix='${prefix}'
host='x86_64-pc-linux-gnu'
host_alias=''
host_cpu='x86_64'
host_os='linux-gnu'
host_vendor='pc'
htmldir='${docdir}'
includedir='${prefix}/include'
infodir='${datarootdir}/info'
install_sh='${SHELL} /home/brettrd/catkin/src/gst_bridge/gst-rosaudiosink/install-sh'
libdir='${exec_prefix}/lib'
libexecdir='${exec_prefix}/libexec'
localedir='${datarootdir}/locale'
localstatedir='${prefix}/var'
mandir='${datarootdir}/man'
mkdir_p='$(MKDIR_P)'
oldincludedir='/usr/include'
pdfdir='${docdir}'
plugindir='$(libdir)/gstreamer-1.0'
prefix='/usr/local'
program_transform_name='s,x,x,'
psdir='${docdir}'
runstatedir='${localstatedir}/run'
sbindir='${exec_prefix}/sbin'
sharedstatedir='${prefix}/com'
sysconfdir='${prefix}/etc'
target_alias=''

## ----------- ##
## confdefs.h. ##
## ----------- ##

/* confdefs.h */
#define PACKAGE_NAME "gst-rosaudiosink"
#define PACKAGE_TARNAME "gst-rosaudiosink"
#define PACKAGE_VERSION "1.0.0"
#define PACKAGE_STRING "gst-rosaudiosink 1.0.0"
#define PACKAGE_BUGREPORT ""
#define PACKAGE_URL ""
#define PACKAGE "gst-rosaudiosink"
#define VERSION "1.0.0"
#define STDC_HEADERS 1
#define HAVE_SYS_TYPES_H 1
#define HAVE_SYS_STAT_H 1
#define HAVE_STDLIB_H 1
#define HAVE_STRING_H 1
#define HAVE_MEMORY_H 1
#define HAVE_STRINGS_H 1
#define HAVE_INTTYPES_H 1
#define HAVE_STDINT_H 1
#define HAVE_UNISTD_H 1
#define HAVE_DLFCN_H 1
#define LT_OBJDIR ".libs/"

configure: exit 0
